2020-10-08 20:39:54.079  INFO 19532 --- [main] c.e.s.SpringBootDemoApplicationTests     : Starting SpringBootDemoApplicationTests on LAPTOP-CES2ISJB with PID 19532 (started by Wangzhe in D:\Idea-workspace\spring-boot-demo)
2020-10-08 20:39:54.081 DEBUG 19532 --- [main] c.e.s.SpringBootDemoApplicationTests     : Running with Spring Boot v2.3.4.RELEASE, Spring v5.2.9.RELEASE
2020-10-08 20:39:54.082  INFO 19532 --- [main] c.e.s.SpringBootDemoApplicationTests     : The following profiles are active: prod
2020-10-08 20:39:55.995  INFO 19532 --- [main] o.s.s.concurrent.ThreadPoolTaskExecutor  : Initializing ExecutorService 'applicationTaskExecutor'
2020-10-08 20:39:56.282  INFO 19532 --- [main] c.e.s.SpringBootDemoApplicationTests     : Started SpringBootDemoApplicationTests in 2.607 seconds (JVM running for 3.9)
2020-10-08 20:39:56.472 TRACE 19532 --- [main] c.e.s.SpringBootDemoApplicationTests     : 这是trace日志...
2020-10-08 20:39:56.473 DEBUG 19532 --- [main] c.e.s.SpringBootDemoApplicationTests     : 这是debug日志...
2020-10-08 20:39:56.473  INFO 19532 --- [main] c.e.s.SpringBootDemoApplicationTests     : 这是info日志...
2020-10-08 20:39:56.473  WARN 19532 --- [main] c.e.s.SpringBootDemoApplicationTests     : 这是warn日志...
2020-10-08 20:39:56.474 ERROR 19532 --- [main] c.e.s.SpringBootDemoApplicationTests     : 这是error日志...
2020-10-08 20:39:56.495  INFO 19532 --- [SpringContextShutdownHook] o.s.s.concurrent.ThreadPoolTaskExecutor  : Shutting down ExecutorService 'applicationTaskExecutor'
[File]2020-10-08 21:01:03.066 [main] INFO  c.e.springbootdemo.SpringBootDemoApplicationTests - Starting SpringBootDemoApplicationTests on LAPTOP-CES2ISJB with PID 14432 (started by Wangzhe in D:\Idea-workspace\spring-boot-demo)
[File]2020-10-08 21:01:03.067 [main] DEBUG c.e.springbootdemo.SpringBootDemoApplicationTests - Running with Spring Boot v2.3.4.RELEASE, Spring v5.2.9.RELEASE
[File]2020-10-08 21:01:03.067 [main] INFO  c.e.springbootdemo.SpringBootDemoApplicationTests - The following profiles are active: prod
[File]2020-10-08 21:01:04.910 [main] INFO  o.s.scheduling.concurrent.ThreadPoolTaskExecutor - Initializing ExecutorService 'applicationTaskExecutor'
[File]2020-10-08 21:01:05.185 [main] INFO  c.e.springbootdemo.SpringBootDemoApplicationTests - Started SpringBootDemoApplicationTests in 2.528 seconds (JVM running for 3.643)
[File]2020-10-08 21:01:05.451 [main] TRACE c.e.springbootdemo.SpringBootDemoApplicationTests - 这是trace日志...
[File]2020-10-08 21:01:05.452 [main] DEBUG c.e.springbootdemo.SpringBootDemoApplicationTests - 这是debug日志...
[File]2020-10-08 21:01:05.453 [main] INFO  c.e.springbootdemo.SpringBootDemoApplicationTests - 这是info日志...
[File]2020-10-08 21:01:05.453 [main] WARN  c.e.springbootdemo.SpringBootDemoApplicationTests - 这是warn日志...
[File]2020-10-08 21:01:05.453 [main] ERROR c.e.springbootdemo.SpringBootDemoApplicationTests - 这是error日志...
[File]2020-10-08 21:01:05.479 [SpringContextShutdownHook] INFO  o.s.scheduling.concurrent.ThreadPoolTaskExecutor - Shutting down ExecutorService 'applicationTaskExecutor'
[File]2020-10-08 21:07:52.943 [main] [INFO ] c.e.springbootdemo.SpringBootDemoApplicationTests - Starting SpringBootDemoApplicationTests on LAPTOP-CES2ISJB with PID 6372 (started by Wangzhe in D:\Idea-workspace\spring-boot-demo)
[File]2020-10-08 21:07:52.944 [main] [DEBUG] c.e.springbootdemo.SpringBootDemoApplicationTests - Running with Spring Boot v2.3.4.RELEASE, Spring v5.2.9.RELEASE
[File]2020-10-08 21:07:52.944 [main] [INFO ] c.e.springbootdemo.SpringBootDemoApplicationTests - The following profiles are active: prod
[File]2020-10-08 21:07:54.760 [main] [INFO ] o.s.scheduling.concurrent.ThreadPoolTaskExecutor - Initializing ExecutorService 'applicationTaskExecutor'
[File]2020-10-08 21:07:55.054 [main] [INFO ] c.e.springbootdemo.SpringBootDemoApplicationTests - Started SpringBootDemoApplicationTests in 2.52 seconds (JVM running for 3.861)
[File]2020-10-08 21:07:55.328 [main] [TRACE] c.e.springbootdemo.SpringBootDemoApplicationTests - 这是trace日志...
[File]2020-10-08 21:07:55.329 [main] [DEBUG] c.e.springbootdemo.SpringBootDemoApplicationTests - 这是debug日志...
[File]2020-10-08 21:07:55.329 [main] [INFO ] c.e.springbootdemo.SpringBootDemoApplicationTests - 这是info日志...
[File]2020-10-08 21:07:55.329 [main] [WARN ] c.e.springbootdemo.SpringBootDemoApplicationTests - 这是warn日志...
[File]2020-10-08 21:07:55.330 [main] [ERROR] c.e.springbootdemo.SpringBootDemoApplicationTests - 这是error日志...
[File]2020-10-08 21:07:55.357 [SpringContextShutdownHook] [INFO ] o.s.scheduling.concurrent.ThreadPoolTaskExecutor - Shutting down ExecutorService 'applicationTaskExecutor'
[File]2020-10-08 21:08:22.880 [main] [INFO ] c.e.springbootdemo.SpringBootDemoApplicationTests - Starting SpringBootDemoApplicationTests on LAPTOP-CES2ISJB with PID 2840 (started by Wangzhe in D:\Idea-workspace\spring-boot-demo)
[File]2020-10-08 21:08:22.881 [main] [DEBUG] c.e.springbootdemo.SpringBootDemoApplicationTests - Running with Spring Boot v2.3.4.RELEASE, Spring v5.2.9.RELEASE
[File]2020-10-08 21:08:22.881 [main] [INFO ] c.e.springbootdemo.SpringBootDemoApplicationTests - The following profiles are active: prod
[File]2020-10-08 21:08:24.894 [main] [INFO ] o.s.scheduling.concurrent.ThreadPoolTaskExecutor - Initializing ExecutorService 'applicationTaskExecutor'
[File]2020-10-08 21:08:25.239 [main] [INFO ] c.e.springbootdemo.SpringBootDemoApplicationTests - Started SpringBootDemoApplicationTests in 2.771 seconds (JVM running for 4.208)
[File]2020-10-08 21:08:25.581 [main] [TRACE] c.e.springbootdemo.SpringBootDemoApplicationTests - 这是trace日志...
[File]2020-10-08 21:08:25.582 [main] [DEBUG] c.e.springbootdemo.SpringBootDemoApplicationTests - 这是debug日志...
[File]2020-10-08 21:08:25.582 [main] [INFO ] c.e.springbootdemo.SpringBootDemoApplicationTests - 这是info日志...
[File]2020-10-08 21:08:25.582 [main] [WARN ] c.e.springbootdemo.SpringBootDemoApplicationTests - 这是warn日志...
[File]2020-10-08 21:08:25.582 [main] [ERROR] c.e.springbootdemo.SpringBootDemoApplicationTests - 这是error日志...
[File]2020-10-08 21:08:25.609 [SpringContextShutdownHook] [INFO ] o.s.scheduling.concurrent.ThreadPoolTaskExecutor - Shutting down ExecutorService 'applicationTaskExecutor'
